<?xml version="1.0" encoding="UTF-8"?>
<!-- Generated by org.testng.reporters.JUnitXMLReporter -->
<testsuite ignored="0" hostname="DESKTOP-MSJJ4LU" failures="0" tests="7" name="Test" time="0.564" errors="0" timestamp="2022-09-12T13:27:37 IST">
  <testcase classname="testNG.before_after" name="a" time="0.05"/>
  <testcase classname="testNG.before_after" name="b" time="0.008"/>
  <testcase classname="testNG.before_after" name="c" time="0.014"/>
  <testcase classname="testNG.Test3" name="e" time="0.015"/>
  <testcase classname="testNG.Test3" name="f" time="0.015"/>
  <testcase classname="testNG.Test4" name="g" time="0.046"/>
  <testcase classname="testNG.Test4" name="h" time="0.021"/>
</testsuite> <!-- Test -->
