<?xml version="1.0" encoding="UTF-8"?>
<testng-results ignored="0" total="7" passed="7" failed="0" skipped="0">
  <reporter-output>
  </reporter-output>
  <suite started-at="2022-09-12T13:27:36 IST" name="Suite" finished-at="2022-09-12T13:27:37 IST" duration-ms="564">
    <groups>
    </groups>
    <test started-at="2022-09-12T13:27:36 IST" name="Test" finished-at="2022-09-12T13:27:37 IST" duration-ms="564">
      <class name="testNG.Test4">
        <test-method is-config="true" signature="bsuite()[pri:0, instance:testNG.Test4@4d5b6aac]" started-at="2022-09-12T13:27:36 IST" name="bsuite" finished-at="2022-09-12T13:27:36 IST" duration-ms="71" status="PASS">
          <reporter-output>
          </reporter-output>
        </test-method> <!-- bsuite -->
        <test-method signature="g()[pri:0, instance:testNG.Test4@4d5b6aac]" started-at="2022-09-12T13:27:37 IST" name="g" finished-at="2022-09-12T13:27:37 IST" duration-ms="46" status="PASS">
          <reporter-output>
          </reporter-output>
        </test-method> <!-- g -->
        <test-method signature="h()[pri:0, instance:testNG.Test4@4d5b6aac]" started-at="2022-09-12T13:27:37 IST" name="h" finished-at="2022-09-12T13:27:37 IST" duration-ms="21" status="PASS">
          <reporter-output>
          </reporter-output>
        </test-method> <!-- h -->
        <test-method is-config="true" signature="asuite()[pri:0, instance:testNG.Test4@4d5b6aac]" started-at="2022-09-12T13:27:37 IST" name="asuite" finished-at="2022-09-12T13:27:37 IST" duration-ms="1" status="PASS">
          <reporter-output>
          </reporter-output>
        </test-method> <!-- asuite -->
      </class> <!-- testNG.Test4 -->
      <class name="testNG.Test3">
        <test-method is-config="true" signature="btest()[pri:0, instance:testNG.Test3@1e683a3e]" started-at="2022-09-12T13:27:36 IST" name="btest" finished-at="2022-09-12T13:27:36 IST" duration-ms="2" status="PASS">
          <reporter-output>
          </reporter-output>
        </test-method> <!-- btest -->
        <test-method signature="e()[pri:0, instance:testNG.Test3@1e683a3e]" started-at="2022-09-12T13:27:37 IST" name="e" finished-at="2022-09-12T13:27:37 IST" duration-ms="15" status="PASS">
          <reporter-output>
          </reporter-output>
        </test-method> <!-- e -->
        <test-method signature="f()[pri:0, instance:testNG.Test3@1e683a3e]" started-at="2022-09-12T13:27:37 IST" name="f" finished-at="2022-09-12T13:27:37 IST" duration-ms="15" status="PASS">
          <reporter-output>
          </reporter-output>
        </test-method> <!-- f -->
        <test-method is-config="true" signature="atest()[pri:0, instance:testNG.Test3@1e683a3e]" started-at="2022-09-12T13:27:37 IST" name="atest" finished-at="2022-09-12T13:27:37 IST" duration-ms="1" status="PASS">
          <reporter-output>
          </reporter-output>
        </test-method> <!-- atest -->
      </class> <!-- testNG.Test3 -->
      <class name="testNG.before_after">
        <test-method is-config="true" signature="beforeclass()[pri:0, instance:testNG.before_after@6babf3bf]" started-at="2022-09-12T13:27:36 IST" name="beforeclass" finished-at="2022-09-12T13:27:36 IST" duration-ms="6" status="PASS">
          <reporter-output>
          </reporter-output>
        </test-method> <!-- beforeclass -->
        <test-method is-config="true" signature="beforeMethod()[pri:0, instance:testNG.before_after@6babf3bf]" started-at="2022-09-12T13:27:36 IST" name="beforeMethod" finished-at="2022-09-12T13:27:36 IST" duration-ms="1" status="PASS">
          <reporter-output>
          </reporter-output>
        </test-method> <!-- beforeMethod -->
        <test-method signature="a()[pri:0, instance:testNG.before_after@6babf3bf]" started-at="2022-09-12T13:27:36 IST" name="a" finished-at="2022-09-12T13:27:37 IST" duration-ms="50" status="PASS">
          <reporter-output>
          </reporter-output>
        </test-method> <!-- a -->
        <test-method is-config="true" signature="afterMethod()[pri:0, instance:testNG.before_after@6babf3bf]" started-at="2022-09-12T13:27:37 IST" name="afterMethod" finished-at="2022-09-12T13:27:37 IST" duration-ms="3" status="PASS">
          <reporter-output>
          </reporter-output>
        </test-method> <!-- afterMethod -->
        <test-method is-config="true" signature="beforeMethod()[pri:0, instance:testNG.before_after@6babf3bf]" started-at="2022-09-12T13:27:37 IST" name="beforeMethod" finished-at="2022-09-12T13:27:37 IST" duration-ms="9" status="PASS">
          <reporter-output>
          </reporter-output>
        </test-method> <!-- beforeMethod -->
        <test-method signature="b()[pri:0, instance:testNG.before_after@6babf3bf]" started-at="2022-09-12T13:27:37 IST" name="b" finished-at="2022-09-12T13:27:37 IST" duration-ms="8" status="PASS">
          <reporter-output>
          </reporter-output>
        </test-method> <!-- b -->
        <test-method is-config="true" signature="afterMethod()[pri:0, instance:testNG.before_after@6babf3bf]" started-at="2022-09-12T13:27:37 IST" name="afterMethod" finished-at="2022-09-12T13:27:37 IST" duration-ms="1" status="PASS">
          <reporter-output>
          </reporter-output>
        </test-method> <!-- afterMethod -->
        <test-method is-config="true" signature="beforeMethod()[pri:0, instance:testNG.before_after@6babf3bf]" started-at="2022-09-12T13:27:37 IST" name="beforeMethod" finished-at="2022-09-12T13:27:37 IST" duration-ms="20" status="PASS">
          <reporter-output>
          </reporter-output>
        </test-method> <!-- beforeMethod -->
        <test-method signature="c()[pri:0, instance:testNG.before_after@6babf3bf]" started-at="2022-09-12T13:27:37 IST" name="c" finished-at="2022-09-12T13:27:37 IST" duration-ms="14" status="PASS">
          <reporter-output>
          </reporter-output>
        </test-method> <!-- c -->
        <test-method is-config="true" signature="afterMethod()[pri:0, instance:testNG.before_after@6babf3bf]" started-at="2022-09-12T13:27:37 IST" name="afterMethod" finished-at="2022-09-12T13:27:37 IST" duration-ms="1" status="PASS">
          <reporter-output>
          </reporter-output>
        </test-method> <!-- afterMethod -->
        <test-method is-config="true" signature="afterclass()[pri:0, instance:testNG.before_after@6babf3bf]" started-at="2022-09-12T13:27:37 IST" name="afterclass" finished-at="2022-09-12T13:27:37 IST" duration-ms="1" status="PASS">
          <reporter-output>
          </reporter-output>
        </test-method> <!-- afterclass -->
      </class> <!-- testNG.before_after -->
    </test> <!-- Test -->
  </suite> <!-- Suite -->
</testng-results>
